Case #1: 5 0
Case #2: 1 1
Case #3: 10 10
Case #4: 0 0
Case #5: 1 0
Case #6: 1 1
Case #7: 5 2
Case #8: 1 1
Case #9: 2 2
Case #10: 8 1
Case #11: 1 1
Case #12: 5 2
Case #13: 7 7
Case #14: 5 1
Case #15: 7 1
Case #16: 8 3
Case #17: 10 10
Case #18: 0 0
Case #19: 2 1
Case #20: 9 3
Case #21: 5 1
Case #22: 6 2
Case #23: 2 2
Case #24: 6 1
Case #25: 8 2
Case #26: 6 1
Case #27: 7 1
Case #28: 8 4
Case #29: 8 2
Case #30: 7 2
Case #31: 0 0
Case #32: 1 1
Case #33: 10 10
Case #34: 3 1
Case #35: 1 1
Case #36: 7 1
Case #37: 10 10
Case #38: 8 8
Case #39: 2 1
Case #40: 8 4
Case #41: 8 2
Case #42: 10 5
Case #43: 0 0
Case #44: 10 10
Case #45: 4 1
Case #46: 10 5
Case #47: 1 1
Case #48: 7 2
Case #49: 3 3
Case #50: 7 2
